<?xml version="1.0" encoding="UTF-8"?>
<!-- Generated by org.testng.reporters.JUnitReportReporter -->
<testsuite hostname="DESKTOP-IOO025Q" failures="0" tests="1" name="testScripts.FirstTest" time="29.301" errors="0" timestamp="2023-02-21T15:48:58 IST" skipped="0">
  <testcase classname="testScripts.FirstTest" name="firstTest" time="29.301"/>
  <system-out/>
</testsuite> <!-- testScripts.FirstTest -->
