<?xml version="1.0" encoding="UTF-8"?>
<!-- Generated by org.testng.reporters.JUnitReportReporter -->
<testsuite hostname="DESKTOP-IOO025Q" failures="0" tests="1" name="testScripts.FirstTest" time="20.357" errors="0" timestamp="2023-02-23T09:18:59 IST" skipped="0">
  <testcase classname="testScripts.FirstTest" name="firstTest" time="20.357"/>
  <system-out/>
</testsuite> <!-- testScripts.FirstTest -->
