<?xml version="1.0" encoding="UTF-8"?>
<!-- Generated by org.testng.reporters.JUnitReportReporter -->
<testsuite hostname="DESKTOP-IOO025Q" failures="0" tests="1" name="testScripts.FirstTest" time="19.433" errors="0" timestamp="2023-02-21T13:42:54 IST" skipped="0">
  <testcase classname="testScripts.FirstTest" name="firstTest" time="19.433"/>
  <system-out/>
</testsuite> <!-- testScripts.FirstTest -->
