<?xml version="1.0" encoding="UTF-8"?>
<!-- Generated by org.testng.reporters.JUnitReportReporter -->
<testsuite hostname="DESKTOP-IOO025Q" failures="0" tests="1" name="testScripts.SecondTest" time="52.640" errors="0" timestamp="2023-02-21T13:02:05 IST" skipped="0">
  <testcase classname="testScripts.SecondTest" name="SecondTest" time="52.640"/>
  <system-out/>
</testsuite> <!-- testScripts.SecondTest -->
