<?xml version="1.0" encoding="UTF-8"?>
<!-- Generated by org.testng.reporters.JUnitReportReporter -->
<testsuite hostname="DESKTOP-IOO025Q" failures="0" tests="1" name="testScripts.ThirdTest" time="32.732" errors="0" timestamp="2023-02-20T13:05:18 IST" skipped="0">
  <testcase classname="testScripts.ThirdTest" name="thirdTest" time="32.732"/>
  <system-out/>
</testsuite> <!-- testScripts.ThirdTest -->
