<?xml version="1.0" encoding="UTF-8"?>
<!-- Generated by org.testng.reporters.JUnitReportReporter -->
<testsuite hostname="DESKTOP-IOO025Q" failures="0" tests="1" name="testScripts.SecondTest" time="51.189" errors="0" timestamp="2023-02-20T13:03:56 IST" skipped="0">
  <testcase classname="testScripts.SecondTest" name="SecondTest" time="51.189"/>
  <system-out/>
</testsuite> <!-- testScripts.SecondTest -->
