<?xml version="1.0" encoding="UTF-8"?>
<!-- Generated by org.testng.reporters.JUnitReportReporter -->
<testsuite hostname="DESKTOP-IOO025Q" failures="0" tests="1" name="testScripts.FourthTest" time="14.368" errors="0" timestamp="2023-02-20T13:04:28 IST" skipped="0">
  <testcase classname="testScripts.FourthTest" name="fourthTest" time="14.368"/>
  <system-out/>
</testsuite> <!-- testScripts.FourthTest -->
