<?xml version="1.0" encoding="UTF-8"?>
<!-- Generated by org.testng.reporters.JUnitReportReporter -->
<testsuite hostname="DESKTOP-IOO025Q" failures="0" tests="1" name="testScripts.FourthTest" time="13.447" errors="0" timestamp="2023-02-21T16:10:20 IST" skipped="0">
  <testcase classname="testScripts.FourthTest" name="fourthTest" time="13.447"/>
  <system-out/>
</testsuite> <!-- testScripts.FourthTest -->
